f:\cppprojects\cppprojekt\projects\world of wow\dungeon delve\_build\obj\x64\debug\game-premake-main\vc143.pdb
f:\cppprojects\cppprojekt\projects\world of wow\dungeon delve\_build\obj\x64\debug\game-premake-main\vc143.idb
f:\cppprojects\cppprojekt\projects\world of wow\dungeon delve\_build\obj\x64\debug\game-premake-main\screen_score.obj
f:\cppprojects\cppprojekt\projects\world of wow\dungeon delve\_build\obj\x64\debug\game-premake-main\stairs.obj
f:\cppprojects\cppprojekt\projects\world of wow\dungeon delve\_build\obj\x64\debug\game-premake-main\screen_title.obj
f:\cppprojects\cppprojekt\projects\world of wow\dungeon delve\_build\obj\x64\debug\game-premake-main\screen_options.obj
f:\cppprojects\cppprojekt\projects\world of wow\dungeon delve\_build\obj\x64\debug\game-premake-main\screen_logo.obj
f:\cppprojects\cppprojekt\projects\world of wow\dungeon delve\_build\obj\x64\debug\game-premake-main\screen_gameplay.obj
f:\cppprojects\cppprojekt\projects\world of wow\dungeon delve\_build\obj\x64\debug\game-premake-main\screen_ending.obj
f:\cppprojects\cppprojekt\projects\world of wow\dungeon delve\_build\obj\x64\debug\game-premake-main\prop.obj
f:\cppprojects\cppprojekt\projects\world of wow\dungeon delve\_build\obj\x64\debug\game-premake-main\potion.obj
f:\cppprojects\cppprojekt\projects\world of wow\dungeon delve\_build\obj\x64\debug\game-premake-main\npc.obj
f:\cppprojects\cppprojekt\projects\world of wow\dungeon delve\_build\obj\x64\debug\game-premake-main\main.obj
f:\cppprojects\cppprojekt\projects\world of wow\dungeon delve\_build\obj\x64\debug\game-premake-main\key.obj
f:\cppprojects\cppprojekt\projects\world of wow\dungeon delve\_build\obj\x64\debug\game-premake-main\item.obj
f:\cppprojects\cppprojekt\projects\world of wow\dungeon delve\_build\obj\x64\debug\game-premake-main\healthincrease.obj
f:\cppprojects\cppprojekt\projects\world of wow\dungeon delve\_build\obj\x64\debug\game-premake-main\goldcoin.obj
f:\cppprojects\cppprojekt\projects\world of wow\dungeon delve\_build\obj\x64\debug\game-premake-main\enemy.obj
f:\cppprojects\cppprojekt\projects\world of wow\dungeon delve\_build\obj\x64\debug\game-premake-main\character.obj
f:\cppprojects\cppprojekt\projects\world of wow\dungeon delve\_build\obj\x64\debug\game-premake-main\basecharacter.obj
f:\cppprojects\cppprojekt\projects\world of wow\dungeon delve\_build\obj\x64\debug\game-premake-main\game-premake-main.ilk
f:\cppprojects\cppprojekt\projects\world of wow\dungeon delve\_bin\debug\game-premake-main.exe
f:\cppprojects\cppprojekt\projects\world of wow\dungeon delve\_bin\debug\game-premake-main.pdb
f:\cppprojects\cppprojekt\projects\world of wow\dungeon delve\_build\obj\x64\debug\game-premake-main\main.obj.enc
f:\cppprojects\cppprojekt\projects\world of wow\dungeon delve\_build\obj\x64\debug\game-premake-main\screen_gameplay.new.obj.enc
f:\cppprojects\cppprojekt\projects\world of wow\dungeon delve\_build\obj\x64\debug\game-premake-main\dungeondelve.tlog\cl.command.1.tlog
f:\cppprojects\cppprojekt\projects\world of wow\dungeon delve\_build\obj\x64\debug\game-premake-main\dungeondelve.tlog\cl.read.1.tlog
f:\cppprojects\cppprojekt\projects\world of wow\dungeon delve\_build\obj\x64\debug\game-premake-main\dungeondelve.tlog\cl.write.1.tlog
f:\cppprojects\cppprojekt\projects\world of wow\dungeon delve\_build\obj\x64\debug\game-premake-main\dungeondelve.tlog\link.command.1.tlog
f:\cppprojects\cppprojekt\projects\world of wow\dungeon delve\_build\obj\x64\debug\game-premake-main\dungeondelve.tlog\link.read.1.tlog
f:\cppprojects\cppprojekt\projects\world of wow\dungeon delve\_build\obj\x64\debug\game-premake-main\dungeondelve.tlog\link.write.1.tlog
