D:\Microsoft Visual Studio\MSBuild\Microsoft\VC\v170\Microsoft.CppBuild.targets(514,5): warning MSB8028: The intermediate directory (obj\x64\Debug\game-premake-main\) contains files shared from another project (game-premake-main.vcxproj).  This can lead to incorrect clean and rebuild behavior.
  screen_gameplay.cpp
C:\Users\Hubert\Desktop\Projekt\Dungeon-Delve\Dungeon Delve\game\src\screen_gameplay.cpp(63,43): warning C4838: conversion from 'int' to 'float' requires a narrowing conversion
C:\Users\Hubert\Desktop\Projekt\Dungeon-Delve\Dungeon Delve\game\src\screen_gameplay.cpp(63,43): warning C4244: 'initializing': conversion from 'int' to 'float', possible loss of data
C:\Users\Hubert\Desktop\Projekt\Dungeon-Delve\Dungeon Delve\game\src\screen_gameplay.cpp(63,63): warning C4838: conversion from 'int' to 'float' requires a narrowing conversion
C:\Users\Hubert\Desktop\Projekt\Dungeon-Delve\Dungeon Delve\game\src\screen_gameplay.cpp(63,63): warning C4244: 'initializing': conversion from 'int' to 'float', possible loss of data
C:\Users\Hubert\Desktop\Projekt\Dungeon-Delve\Dungeon Delve\game\src\screen_gameplay.cpp(289,27): warning C4244: 'argument': conversion from 'float' to 'int', possible loss of data
C:\Users\Hubert\Desktop\Projekt\Dungeon-Delve\Dungeon Delve\game\src\screen_gameplay.cpp(290,80): warning C4244: 'argument': conversion from 'float' to 'int', possible loss of data
C:\Users\Hubert\Desktop\Projekt\Dungeon-Delve\Dungeon Delve\game\src\screen_gameplay.cpp(291,80): warning C4244: 'argument': conversion from 'float' to 'int', possible loss of data
C:\Users\Hubert\Desktop\Projekt\Dungeon-Delve\Dungeon Delve\game\src\screen_gameplay.cpp(320,42): warning C4244: 'argument': conversion from 'float' to 'int', possible loss of data
C:\Users\Hubert\Desktop\Projekt\Dungeon-Delve\Dungeon Delve\game\src\screen_gameplay.cpp(320,35): warning C4244: 'argument': conversion from 'float' to 'int', possible loss of data
C:\Users\Hubert\Desktop\Projekt\Dungeon-Delve\Dungeon Delve\game\src\screen_gameplay.cpp(321,88): warning C4244: 'argument': conversion from 'float' to 'int', possible loss of data
C:\Users\Hubert\Desktop\Projekt\Dungeon-Delve\Dungeon Delve\game\src\screen_gameplay.cpp(321,81): warning C4244: 'argument': conversion from 'float' to 'int', possible loss of data
C:\Users\Hubert\Desktop\Projekt\Dungeon-Delve\Dungeon Delve\game\src\screen_gameplay.cpp(341,51): warning C4244: 'argument': conversion from 'float' to 'int', possible loss of data
C:\Users\Hubert\Desktop\Projekt\Dungeon-Delve\Dungeon Delve\game\src\screen_gameplay.cpp(341,44): warning C4244: 'argument': conversion from 'float' to 'int', possible loss of data
C:\Users\Hubert\Desktop\Projekt\Dungeon-Delve\Dungeon Delve\game\src\screen_gameplay.cpp(342,55): warning C4244: 'argument': conversion from 'float' to 'int', possible loss of data
C:\Users\Hubert\Desktop\Projekt\Dungeon-Delve\Dungeon Delve\game\src\screen_gameplay.cpp(342,48): warning C4244: 'argument': conversion from 'float' to 'int', possible loss of data
C:\Users\Hubert\Desktop\Projekt\Dungeon-Delve\Dungeon Delve\game\src\screen_gameplay.cpp(343,49): warning C4244: 'argument': conversion from 'float' to 'int', possible loss of data
C:\Users\Hubert\Desktop\Projekt\Dungeon-Delve\Dungeon Delve\game\src\screen_gameplay.cpp(343,42): warning C4244: 'argument': conversion from 'float' to 'int', possible loss of data
C:\Users\Hubert\Desktop\Projekt\Dungeon-Delve\Dungeon Delve\game\src\screen_gameplay.cpp(347,52): warning C4244: 'argument': conversion from 'float' to 'int', possible loss of data
C:\Users\Hubert\Desktop\Projekt\Dungeon-Delve\Dungeon Delve\game\src\screen_gameplay.cpp(347,45): warning C4244: 'argument': conversion from 'float' to 'int', possible loss of data
  game-premake-main.vcxproj -> C:\Users\Hubert\Desktop\Projekt\Dungeon-Delve\Dungeon Delve\_bin\Debug\game-premake-main.exe
